<?xml version="1.0" encoding="UTF-8"?>
<!-- Generated by org.testng.reporters.JUnitReportReporter -->
<testsuite hostname="Karthiks-MacBook-Air.local" failures="0" tests="2" name="com.api.restapi.tests.GetUserTests" time="2.958" errors="0" timestamp="17 Mar 2020 22:44:00 GMT" skipped="0">
  <testcase classname="com.api.restapi.tests.GetUserTests" name="getUsersAllAPI" time="1.511"/>
  <testcase classname="com.api.restapi.tests.GetUserTests" name="getUsersWithParamAPI" time="1.447"/>
</testsuite> <!-- com.api.restapi.tests.GetUserTests -->
