<?xml version="1.0" encoding="UTF-8"?>
<!-- Generated by org.testng.reporters.JUnitReportReporter -->
<testsuite hostname="Karthiks-MacBook-Air.local" failures="0" tests="1" name="com.api.restapi.pojo.UserResult" time="5.657" errors="0" timestamp="17 Mar 2020 22:44:00 GMT" skipped="0">
  <testcase classname="com.api.restapi.pojo.UserResult" name="createUserWithFullJSON" time="5.657"/>
</testsuite> <!-- com.api.restapi.pojo.UserResult -->
