<?xml version="1.0" encoding="UTF-8"?>
<!-- Generated by org.testng.reporters.JUnitReportReporter -->
<testsuite hostname="Karthiks-MacBook-Air.local" failures="0" tests="5" name="com.api.restapi.tests.CreateUserTests" time="11.893" errors="0" timestamp="17 Mar 2020 22:44:00 GMT" skipped="0">
  <testcase classname="com.api.restapi.tests.CreateUserTests" name="postUsersDataProviderAPI" time="1.305"/>
  <testcase classname="com.api.restapi.tests.CreateUserTests" name="postUsersDataProviderAPI" time="1.433"/>
  <testcase classname="com.api.restapi.tests.CreateUserTests" name="postUsersDataProviderAPI" time="1.548"/>
  <testcase classname="com.api.restapi.tests.CreateUserTests" name="postUsersAPI" time="6.277"/>
  <testcase classname="com.api.restapi.tests.CreateUserTests" name="postUsersDataProviderAPI" time="1.330"/>
</testsuite> <!-- com.api.restapi.tests.CreateUserTests -->
